-------------------------------------------------------------------------------
Test set: com.test.FooTest
-------------------------------------------------------------------------------
Tests run: 3, Failures: 1, Errors: 0, Skipped: 1, Time elapsed: 0.006 sec <<< FAILURE! - in com.test.FooTest
checkNameLength(com.test.FooTest)  Time elapsed: 0.003 sec  <<< FAILURE!
java.lang.AssertionError: null
	at org.junit.Assert.fail(Assert.java:86)
	at org.junit.Assert.assertTrue(Assert.java:41)
	at org.junit.Assert.assertTrue(Assert.java:52)
	at com.test.FooTest.checkNameLength(FooTest.java:33)

