<?xml version="1.0" encoding="UTF-8"?>
<testsuite name="com.test.FooTest" time="0.003" tests="3" errors="0" skipped="1" failures="1">
  <properties>
[...]
</properties>
  <testcase name="thisIsIgnored" classname="com.test.FooTest" time="0">
    <skipped/>
  </testcase>
  <testcase name="checkNameLength" classname="com.test.FooTest" time="0.003">
    <failure type="java.lang.AssertionError:">java.lang.AssertionError: null
	at org.junit.Assert.fail(Assert.java:86)
	at org.junit.Assert.assertTrue(Assert.java:41)
	at org.junit.Assert.assertTrue(Assert.java:52)
	at com.test.FooTest.checkNameLength(FooTest.java:33)
</failure>
  </testcase>
  <testcase name="thisAlwaysPasses" classname="com.test.FooTest" time="0"/>
</testsuite>