<?xml version="1.0" encoding="UTF-8"?>
<testsuite name="com.test.FooTest" time="0.003" tests="3" errors="0" skipped="1" failures="1">
  <properties>
    <property name="java.runtime.name" value="Java(TM) SE Runtime Environment"/>
    <property name="sun.boot.library.path" value="/home/dinesh/Downloads/JavaDownloads/jdk1.8.0_20/jre/lib/amd64"/>
    <property name="java.vm.version" value="25.20-b23"/>
    <property name="java.vm.vendor" value="Oracle Corporation"/>
    <property name="java.vendor.url" value="http://java.oracle.com/"/>
    <property name="path.separator" value=":"/>
    <property name="guice.disable.misplaced.annotation.check" value="true"/>
    <property name="java.vm.name" value="Java HotSpot(TM) 64-Bit Server VM"/>
    <property name="file.encoding.pkg" value="sun.io"/>
    <property name="user.country" value="IN"/>
    <property name="sun.java.launcher" value="SUN_STANDARD"/>
    <property name="sun.os.patch.level" value="unknown"/>
    <property name="java.vm.specification.name" value="Java Virtual Machine Specification"/>
    <property name="user.dir" value="/home/dinesh/wksp/MavenJUnitTesting"/>
    <property name="java.runtime.version" value="1.8.0_20-b26"/>
    <property name="java.awt.graphicsenv" value="sun.awt.X11GraphicsEnvironment"/>
    <property name="java.endorsed.dirs" value="/home/dinesh/Downloads/JavaDownloads/jdk1.8.0_20/jre/lib/endorsed"/>
    <property name="os.arch" value="amd64"/>
    <property name="java.io.tmpdir" value="/tmp"/>
    <property name="line.separator" value="&#10;"/>
    <property name="java.vm.specification.vendor" value="Oracle Corporation"/>
    <property name="os.name" value="Linux"/>
    <property name="classworlds.conf" value="/home/dinesh/wksp/.metadata/.plugins/org.eclipse.m2e.launching/launches/m2conf6324842847201097060.tmp"/>
    <property name="sun.jnu.encoding" value="UTF-8"/>
    <property name="java.library.path" value="/home/dinesh/Downloads/JavaDownloads/jdk1.8.0_20/jre/lib/amd64/server:/home/dinesh/Downloads/JavaDownloads/jdk1.8.0_20/jre/lib/amd64:/home/dinesh/Downloads/JavaDownloads/jdk1.8.0_20/jre/../lib/amd64:/usr/lib/jvm/java-6-openjdk-amd64/jre/lib/amd64/server:/usr/lib/jvm/java-6-openjdk-amd64/jre/lib/amd64:/usr/lib/jvm/java-6-openjdk-amd64/jre/../lib/amd64:/usr/java/packages/lib/amd64:/usr/lib64:/lib64:/lib:/usr/lib"/>
    <property name="java.specification.name" value="Java Platform API Specification"/>
    <property name="java.class.version" value="52.0"/>
    <property name="sun.management.compiler" value="HotSpot 64-Bit Tiered Compilers"/>
    <property name="os.version" value="3.5.0-58-generic"/>
    <property name="user.home" value="/home/dinesh"/>
    <property name="user.timezone" value="Asia/Kolkata"/>
    <property name="java.awt.printerjob" value="sun.print.PSPrinterJob"/>
    <property name="file.encoding" value="UTF-8"/>
    <property name="java.specification.version" value="1.8"/>
    <property name="user.name" value="dinesh"/>
    <property name="java.class.path" value="/home/dinesh/Desktop/eclipse_juno/configuration/org.eclipse.osgi/bundles/840/1/.cp/jars/plexus-classworlds-2.4.jar"/>
    <property name="java.vm.specification.version" value="1.8"/>
    <property name="sun.arch.data.model" value="64"/>
    <property name="java.home" value="/home/dinesh/Downloads/JavaDownloads/jdk1.8.0_20/jre"/>
    <property name="sun.java.command" value="org.codehaus.plexus.classworlds.launcher.Launcher -B test"/>
    <property name="java.specification.vendor" value="Oracle Corporation"/>
    <property name="user.language" value="en"/>
    <property name="awt.toolkit" value="sun.awt.X11.XToolkit"/>
    <property name="java.vm.info" value="mixed mode"/>
    <property name="java.version" value="1.8.0_20"/>
    <property name="java.ext.dirs" value="/home/dinesh/Downloads/JavaDownloads/jdk1.8.0_20/jre/lib/ext:/usr/java/packages/lib/ext"/>
    <property name="securerandom.source" value="file:/dev/./urandom"/>
    <property name="sun.boot.class.path" value="/home/dinesh/Downloads/JavaDownloads/jdk1.8.0_20/jre/lib/resources.jar:/home/dinesh/Downloads/JavaDownloads/jdk1.8.0_20/jre/lib/rt.jar:/home/dinesh/Downloads/JavaDownloads/jdk1.8.0_20/jre/lib/sunrsasign.jar:/home/dinesh/Downloads/JavaDownloads/jdk1.8.0_20/jre/lib/jsse.jar:/home/dinesh/Downloads/JavaDownloads/jdk1.8.0_20/jre/lib/jce.jar:/home/dinesh/Downloads/JavaDownloads/jdk1.8.0_20/jre/lib/charsets.jar:/home/dinesh/Downloads/JavaDownloads/jdk1.8.0_20/jre/lib/jfr.jar:/home/dinesh/Downloads/JavaDownloads/jdk1.8.0_20/jre/classes"/>
    <property name="java.vendor" value="Oracle Corporation"/>
    <property name="maven.home" value="/home/dinesh/wksp/MavenJUnitTesting/EMBEDDED"/>
    <property name="file.separator" value="/"/>
    <property name="java.vendor.url.bug" value="http://bugreport.sun.com/bugreport/"/>
    <property name="maven.bootclasspath" value="/home/dinesh/Desktop/eclipse_juno/configuration/org.eclipse.osgi/bundles/840/1/.cp/jars/plexus-classworlds-2.4.jar"/>
    <property name="sun.cpu.endian" value="little"/>
    <property name="sun.io.unicode.encoding" value="UnicodeLittle"/>
    <property name="sun.desktop" value="gnome"/>
    <property name="sun.cpu.isalist" value=""/>
  </properties>
  <testcase name="thisIsIgnored" classname="com.test.FooTest" time="0">
    <skipped/>
  </testcase>
  <testcase name="checkNameLength" classname="com.test.FooTest" time="0.003">
    <failure type="java.lang.AssertionError:">java.lang.AssertionError: null
	at org.junit.Assert.fail(Assert.java:86)
	at org.junit.Assert.assertTrue(Assert.java:41)
	at org.junit.Assert.assertTrue(Assert.java:52)
	at com.test.FooTest.checkNameLength(FooTest.java:33)
</failure>
  </testcase>
  <testcase name="thisAlwaysPasses" classname="com.test.FooTest" time="0"/>
</testsuite>